
The following files have been resolved:
   org.eclipse.jetty:jetty-webapp:jar:9.3.6.v20151106:compile
   mysql:mysql-connector-java:jar:8.0.18:compile
   org.eclipse.jetty.websocket:websocket-client:jar:9.3.6.v20151106:compile
   log4j:log4j:jar:1.2.17:compile
   commons-digester:commons-digester:jar:1.8:compile
   commons-beanutils:commons-beanutils:jar:1.7.0:compile
   org.apache.struts:struts-taglib:jar:1.3.8:compile
   com.sparkjava:spark-core:jar:2.5:compile
   commons-collections:commons-collections:jar:3.2.1:compile
   com.google.code.gson:gson:jar:2.8.6:compile
   commons-lang:commons-lang:jar:2.4:compile
   org.apache.struts:struts-core:jar:1.3.8:compile
   org.apache.velocity:velocity-tools:jar:2.0:compile
   org.apache.struts:struts-tiles:jar:1.3.8:compile
   org.eclipse.jetty:jetty-security:jar:9.3.6.v20151106:compile
   antlr:antlr:jar:2.7.2:compile
   org.eclipse.jetty:jetty-http:jar:9.3.6.v20151106:compile
   commons-logging:commons-logging:jar:1.1:compile
   commons-chain:commons-chain:jar:1.1:compile
   com.sparkjava:spark-template-velocity:jar:2.7.1:compile
   com.googlecode.json-simple:json-simple:jar:1.1:compile
   sslext:sslext:jar:1.2-0:compile
   org.slf4j:slf4j-log4j12:jar:1.7.5:compile
   org.eclipse.jetty:jetty-server:jar:9.3.6.v20151106:compile
   org.eclipse.jetty:jetty-servlet:jar:9.3.6.v20151106:compile
   javax.servlet:javax.servlet-api:jar:3.1.0:compile
   org.eclipse.jetty:jetty-xml:jar:9.3.6.v20151106:compile
   org.slf4j:slf4j-api:jar:1.7.5:compile
   org.eclipse.jetty.websocket:websocket-api:jar:9.3.6.v20151106:compile
   org.eclipse.jetty.websocket:websocket-servlet:jar:9.3.6.v20151106:compile
   com.google.protobuf:protobuf-java:jar:3.6.1:compile
   org.eclipse.jetty:jetty-util:jar:9.3.6.v20151106:compile
   dom4j:dom4j:jar:1.1:compile
   org.eclipse.jetty.websocket:websocket-server:jar:9.3.6.v20151106:compile
   org.eclipse.jetty.websocket:websocket-common:jar:9.3.6.v20151106:compile
   commons-validator:commons-validator:jar:1.3.1:compile
   oro:oro:jar:2.0.8:compile
   org.eclipse.jetty:jetty-io:jar:9.3.6.v20151106:compile
   org.apache.velocity:velocity:jar:1.7:compile
   javax.servlet:servlet-api:jar:2.3:compile

